<component name="libraryTable">
  <library name="junit-vintage-engine-5.7.0">
    <CLASSES>
      <root url="jar://$PROJECT_DIR$/bollicineWeb/src/main/webapp/WEB-INF/lib/junit-vintage-engine-5.7.0.jar!/" />
    </CLASSES>
    <JAVADOC />
    <SOURCES />
  </library>
</component>